<?xml version="1.0" encoding="UTF-8"?>
<!-- Generated by org.testng.reporters.JUnitReportReporter -->
<testsuite skipped="0" hostname="FFI-CHN-LT70" name="pom.base.Base" tests="1" failures="0" timestamp="06 Aug 2019 07:39:51 GMT" time="37.783" errors="0">
  <testcase name="Initialization" time="37.783" classname="pom.base.Base"/>
</testsuite> <!-- pom.base.Base -->
