<?xml version="1.0" encoding="UTF-8"?>
<!-- Generated by org.testng.reporters.JUnitReportReporter -->
<testsuite skipped="0" hostname="FFI-CHN-LT70" name="pom.testcases.HomePageTest" tests="2" failures="0" timestamp="01 Aug 2019 11:29:21 GMT" time="8.092" errors="0">
  <testcase name="verifyhomepage" time="0.169" classname="pom.testcases.HomePageTest"/>
  <testcase name="Selectgmaillink" time="7.923" classname="pom.testcases.HomePageTest"/>
</testsuite> <!-- pom.testcases.HomePageTest -->
